<testsuites id="" name="" tests="3" failures="0" skipped="0" errors="0" time="103.197558">
<testsuite name="test-all-cards.spec.ts" timestamp="2026-01-05T10:58:25.461Z" hostname="chromium" tests="3" failures="0" skipped="0" time="101.31" errors="0">
<testcase name="Test All BSP/DOKU Cards › Card 0 - DOKU Visa (4761...0039)" classname="test-all-cards.spec.ts" time="33.587">
<system-out>
<![CDATA[
🎯 Testing: Success Card #1
📇 Card: 4761349999000039
✅ Solved: 4 + 3 = 7
✅ BSP DOKU payment page loaded
💳 Filling card: Success Card #1 - 4761349999000039
Found 7 visible input fields
📋 Debugging input fields:
  [0] value="", placeholder="null"
  [1] value="", placeholder="mm/yy"
  [2] value="", placeholder="null"
  [3] value="Customer", placeholder="null"
  [4] value="test@example.com", placeholder="null"
  [5] value="", placeholder="null"
  [6] value="Pay", placeholder="null"
✅ Filled card number
✅ Filled expiry date
✅ Filled CVV
✅ Filled phone number
✅ PAY button clicked
📍 Final URL: https://staging.doku.com/Suite/GoBack
⚠️  PENDING: Still on BSP/DOKU page
]]>
</system-out>
</testcase>
<testcase name="Test All BSP/DOKU Cards › Card 1 - DOKU MasterCard (5573...1101)" classname="test-all-cards.spec.ts" time="33.807">
<system-out>
<![CDATA[
🎯 Testing: Success Card #2
📇 Card: 557381011111101
✅ Solved: 9 + 10 = 19
✅ BSP DOKU payment page loaded
💳 Filling card: Success Card #2 - 557381011111101
Found 7 visible input fields
📋 Debugging input fields:
  [0] value="", placeholder="null"
  [1] value="", placeholder="mm/yy"
  [2] value="", placeholder="null"
  [3] value="Customer", placeholder="null"
  [4] value="test@example.com", placeholder="null"
  [5] value="", placeholder="null"
  [6] value="Pay", placeholder="null"
✅ Filled card number
✅ Filled expiry date
✅ Filled CVV
✅ Filled phone number
✅ PAY button clicked
📍 Final URL: https://staging.doku.com/Suite/PaymentPageShow?MALLID=11170&CHAINMERCHANT=0&INV=PGKO-1767610748790-OE7LDRL0T
⚠️  PENDING: Still on BSP/DOKU page
]]>
</system-out>
</testcase>
<testcase name="Test All BSP/DOKU Cards › Card 3 - BSP Visa Silver (4889...4185)" classname="test-all-cards.spec.ts" time="33.916">
<system-out>
<![CDATA[
🎯 Testing: BSP Visa Silver
📇 Card: 4889730100994185
✅ Solved: 4 + 2 = 6
✅ BSP DOKU payment page loaded
💳 Filling card: BSP Visa Silver - 4889730100994185
Found 7 visible input fields
📋 Debugging input fields:
  [0] value="", placeholder="null"
  [1] value="", placeholder="mm/yy"
  [2] value="", placeholder="null"
  [3] value="Customer", placeholder="null"
  [4] value="test@example.com", placeholder="null"
  [5] value="", placeholder="null"
  [6] value="Pay", placeholder="null"
✅ Filled card number
✅ Filled expiry date
✅ Filled CVV
✅ Filled phone number
✅ PAY button clicked
📍 Final URL: https://sandbox.doku.com/3DSimulator/OTPPage?IdS=8vYa7iXvsTpI4wu1AjIBiubRUcdBs5f8pIxs1nBWRv93wVZu6Goyx9b5xPOM6kyuOoQ0vviRtCRaHJWWCq5Mk%2F8wrU6NKv0iUHaP8uV1SnlTNmxI%2BIeVB19ea8pFQ1fNXyXCGUWTcTaI%2B5mxNuZiFgrb2sUqXinxHVbEB%2FLc%2B8MNk83Xrnr2YPrQfQzxlFV71gx8qBL0iCPq1mkndZXqg4lXZfR9ZUrmcUzoktIP0rq0U6qObEDsj%2BPJJ6UQ14ZFmS9pSkKXpg%2BTmZlkcJbT%2F639lhBm5WYZ9t4GkTCAfhw%3D%0A
⚠️  PENDING: Still on BSP/DOKU page
]]>
</system-out>
</testcase>
</testsuite>
</testsuites>